mode: set
github.com/chrisjoyce911/slacktohip/readconfig.go:20.39,31.2 1 0
github.com/chrisjoyce911/slacktohip/readconfig.go:34.57,36.16 2 0
github.com/chrisjoyce911/slacktohip/readconfig.go:40.2,42.16 3 0
github.com/chrisjoyce911/slacktohip/readconfig.go:46.2,46.15 1 0
github.com/chrisjoyce911/slacktohip/readconfig.go:36.16,38.3 1 0
github.com/chrisjoyce911/slacktohip/readconfig.go:42.16,44.3 1 0
github.com/chrisjoyce911/slacktohip/readconfig.go:49.57,51.16 2 0
github.com/chrisjoyce911/slacktohip/readconfig.go:54.2,54.48 1 0
github.com/chrisjoyce911/slacktohip/readconfig.go:51.16,53.3 1 0
github.com/chrisjoyce911/slacktohip/slack.go:55.61,58.16 3 0
github.com/chrisjoyce911/slacktohip/slack.go:61.2,61.28 1 0
github.com/chrisjoyce911/slacktohip/slack.go:65.2,67.16 3 0
github.com/chrisjoyce911/slacktohip/slack.go:70.2,72.16 3 0
github.com/chrisjoyce911/slacktohip/slack.go:76.2,76.17 1 0
github.com/chrisjoyce911/slacktohip/slack.go:81.2,83.8 3 0
github.com/chrisjoyce911/slacktohip/slack.go:58.16,60.3 1 0
github.com/chrisjoyce911/slacktohip/slack.go:61.28,64.3 2 0
github.com/chrisjoyce911/slacktohip/slack.go:67.16,69.3 1 0
github.com/chrisjoyce911/slacktohip/slack.go:72.16,74.3 1 0
github.com/chrisjoyce911/slacktohip/slack.go:76.17,79.3 2 0
github.com/chrisjoyce911/slacktohip/slack.go:97.60,100.2 2 0
github.com/chrisjoyce911/slacktohip/slack.go:104.55,107.2 2 0
github.com/chrisjoyce911/slacktohip/slack.go:111.59,113.16 2 0
github.com/chrisjoyce911/slacktohip/slack.go:117.2,118.16 2 0
github.com/chrisjoyce911/slacktohip/slack.go:122.2,122.15 1 0
github.com/chrisjoyce911/slacktohip/slack.go:113.16,115.3 1 0
github.com/chrisjoyce911/slacktohip/slack.go:118.16,120.3 1 0
github.com/chrisjoyce911/slacktohip/slacktohip.go:13.13,16.16 2 0
github.com/chrisjoyce911/slacktohip/slacktohip.go:23.2,40.9 14 0
github.com/chrisjoyce911/slacktohip/slacktohip.go:47.2,51.12 3 0
github.com/chrisjoyce911/slacktohip/slacktohip.go:65.2,65.6 1 0
github.com/chrisjoyce911/slacktohip/slacktohip.go:16.16,18.17 2 0
github.com/chrisjoyce911/slacktohip/slacktohip.go:18.17,19.14 1 0
github.com/chrisjoyce911/slacktohip/slacktohip.go:41.23,42.52 1 0
github.com/chrisjoyce911/slacktohip/slacktohip.go:43.21,44.54 1 0
github.com/chrisjoyce911/slacktohip/slacktohip.go:51.12,53.22 2 0
github.com/chrisjoyce911/slacktohip/slacktohip.go:62.3,62.9 1 0
github.com/chrisjoyce911/slacktohip/slacktohip.go:53.22,60.4 2 0
github.com/chrisjoyce911/slacktohip/slacktohip.go:65.6,67.17 2 0
github.com/chrisjoyce911/slacktohip/slacktohip.go:67.17,69.4 1 0
github.com/chrisjoyce911/slacktohip/slacktohip.go:69.4,71.69 1 0
github.com/chrisjoyce911/slacktohip/slacktohip.go:87.4,87.27 1 0
github.com/chrisjoyce911/slacktohip/slacktohip.go:71.69,74.12 2 0
github.com/chrisjoyce911/slacktohip/slacktohip.go:75.51,76.25 1 0
github.com/chrisjoyce911/slacktohip/slacktohip.go:80.13,83.24 2 0
github.com/chrisjoyce911/slacktohip/slacktohip.go:76.25,79.7 2 0
github.com/chrisjoyce911/slacktohip/slacktohip.go:87.27,89.38 2 0
github.com/chrisjoyce911/slacktohip/slacktohip.go:89.38,94.13 3 0
github.com/chrisjoyce911/slacktohip/slacktohip.go:103.6,104.57 2 0
github.com/chrisjoyce911/slacktohip/slacktohip.go:108.6,116.47 2 0
github.com/chrisjoyce911/slacktohip/slacktohip.go:95.57,96.38 1 0
github.com/chrisjoyce911/slacktohip/slacktohip.go:97.55,98.39 1 0
github.com/chrisjoyce911/slacktohip/slacktohip.go:99.61,100.36 1 0
github.com/chrisjoyce911/slacktohip/slacktohip.go:104.57,106.7 1 0
github.com/chrisjoyce911/slacktohip/slacktohip.go:116.47,118.7 1 0
github.com/chrisjoyce911/slacktohip/slacktohip.go:126.24,128.2 1 1
